<?xml version="1.0" encoding="UTF-8"?>
<!-- Generated by org.testng.reporters.JUnitReportReporter -->
<testsuite hostname="DESKTOP-R2J4S1R" failures="0" tests="1" name="testng.TrialTestNG2" time="0.016" errors="0" timestamp="2023-02-07T15:47:38 IST" skipped="0">
  <testcase classname="testng.TrialTestNG2" name="addItemToCart" time="0.016"/>
  <system-out/>
</testsuite> <!-- testng.TrialTestNG2 -->
